<?xml version="1.0" encoding="UTF-8"?>
<testng-results ignored="0" total="2" passed="2" failed="0" skipped="0">
  <reporter-output>
  </reporter-output>
  <suite started-at="2023-02-14T16:10:40 IST" name="Default suite" finished-at="2023-02-14T16:10:56 IST" duration-ms="15272">
    <groups>
    </groups>
    <test started-at="2023-02-14T16:10:40 IST" name="Default test" finished-at="2023-02-14T16:10:56 IST" duration-ms="15272">
      <class name="test.Amazon_Seach_TC1">
        <test-method is-config="true" signature="setup()[pri:0, instance:test.Amazon_Seach_TC1@22ef9844]" started-at="2023-02-14T16:10:27 IST" name="setup" finished-at="2023-02-14T16:10:40 IST" duration-ms="13774" status="PASS">
          <reporter-output>
          </reporter-output>
        </test-method> <!-- setup -->
        <test-method signature="searchForMobilePhones()[pri:0, instance:test.Amazon_Seach_TC1@22ef9844]" started-at="2023-02-14T16:10:41 IST" name="searchForMobilePhones" description="Search for Mobiles" finished-at="2023-02-14T16:10:55 IST" duration-ms="14778" status="PASS">
          <reporter-output>
          </reporter-output>
        </test-method> <!-- searchForMobilePhones -->
        <test-method signature="screenShotOfDetails()[pri:0, instance:test.Amazon_Seach_TC1@22ef9844]" started-at="2023-02-14T16:10:55 IST" name="screenShotOfDetails" finished-at="2023-02-14T16:10:56 IST" depends-on-methods="test.Amazon_Seach_TC1.searchForMobilePhones" duration-ms="396" status="PASS">
          <reporter-output>
          </reporter-output>
        </test-method> <!-- screenShotOfDetails -->
        <test-method is-config="true" signature="closeBrowser()[pri:0, instance:test.Amazon_Seach_TC1@22ef9844]" started-at="2023-02-14T16:10:56 IST" name="closeBrowser" finished-at="2023-02-14T16:10:56 IST" duration-ms="187" status="PASS">
          <reporter-output>
          </reporter-output>
        </test-method> <!-- closeBrowser -->
      </class> <!-- test.Amazon_Seach_TC1 -->
    </test> <!-- Default test -->
  </suite> <!-- Default suite -->
</testng-results>
