<?xml version="1.0" encoding="UTF-8"?>
<testng-results ignored="0" total="2" passed="2" failed="0" skipped="0">
  <reporter-output>
  </reporter-output>
  <suite started-at="2023-02-13T14:29:29 IST" name="Default suite" finished-at="2023-02-13T14:29:33 IST" duration-ms="4368">
    <groups>
    </groups>
    <test started-at="2023-02-13T14:29:29 IST" name="Default test" finished-at="2023-02-13T14:29:33 IST" duration-ms="4368">
      <class name="testNG_Practice.Asserts">
        <test-method signature="test1()[pri:0, instance:testNG_Practice.Asserts@7690781]" started-at="2023-02-13T14:29:29 IST" name="test1" description="Inside method test1()" finished-at="2023-02-13T14:29:31 IST" duration-ms="2675" status="PASS">
          <reporter-output>
          </reporter-output>
        </test-method> <!-- test1 -->
        <test-method signature="test2()[pri:0, instance:testNG_Practice.Asserts@7690781]" started-at="2023-02-13T14:29:31 IST" name="test2" finished-at="2023-02-13T14:29:33 IST" duration-ms="1658" status="PASS">
          <reporter-output>
          </reporter-output>
        </test-method> <!-- test2 -->
      </class> <!-- testNG_Practice.Asserts -->
    </test> <!-- Default test -->
  </suite> <!-- Default suite -->
</testng-results>
