<?xml version="1.0" encoding="UTF-8"?>
<!-- Generated by org.testng.reporters.JUnitXMLReporter -->
<testsuite ignored="1" hostname="LIN25001445" failures="0" tests="5" name="Default test" time="19.735" errors="0" timestamp="2023-02-08T22:11:28 IST">
  <testcase classname="testNG.TestNG_Task3_WithAttributes" name="test1" time="0.872"/>
  <testcase classname="testNG.TestNG_Task3_WithAttributes" name="test2" time="1.232"/>
  <testcase classname="testNG.TestNG_Task3_WithAttributes" name="test3" time="0.298"/>
  <testcase classname="testNG.TestNG_Task3_WithAttributes" name="test6" time="0.274"/>
  <testcase classname="testNG.TestNG_Task3_WithAttributes" name="fourthTest" time="0.692"/>
  <testcase classname="testNG.TestNG_Task3_WithAttributes" name="test5" time="0.0">
    <ignored/>
  </testcase> <!-- test5 -->
</testsuite> <!-- Default test -->
