<?xml version="1.0" encoding="UTF-8"?>
<!-- Generated by org.testng.reporters.JUnitXMLReporter -->
<testsuite ignored="0" hostname="LIN25001445" failures="0" tests="4" name="Test" time="23.896" errors="0" timestamp="2023-02-13T14:22:30 IST">
  <testcase classname="testNG_Practice.ParametersEx" name="login1" time="6.169"/>
  <testcase classname="testNG_Practice.ParametersEx" name="login2" time="6.201"/>
  <testcase classname="testNG_Practice.ParametersEx" name="login3" time="5.747"/>
  <testcase classname="testNG_Practice.ParametersEx" name="login4" time="5.734"/>
</testsuite> <!-- Test -->
